mode: atomic
bitunix-bot/test_exec.go:10.13,17.2 4 0
bitunix-bot/cmd/backtest/main.go:18.13,34.16 4 0
bitunix-bot/cmd/backtest/main.go:34.16,36.3 1 0
bitunix-bot/cmd/backtest/main.go:37.2,53.16 12 0
bitunix-bot/cmd/backtest/main.go:53.16,55.3 1 0
bitunix-bot/cmd/backtest/main.go:58.2,58.22 1 0
bitunix-bot/cmd/backtest/main.go:58.22,60.3 1 0
bitunix-bot/cmd/backtest/main.go:61.2,61.20 1 0
bitunix-bot/cmd/backtest/main.go:61.20,63.3 1 0
bitunix-bot/cmd/backtest/main.go:66.2,67.22 2 0
bitunix-bot/cmd/backtest/main.go:67.22,69.17 2 0
bitunix-bot/cmd/backtest/main.go:69.17,71.4 1 0
bitunix-bot/cmd/backtest/main.go:72.8,74.3 1 0
bitunix-bot/cmd/backtest/main.go:76.2,76.20 1 0
bitunix-bot/cmd/backtest/main.go:76.20,78.17 2 0
bitunix-bot/cmd/backtest/main.go:78.17,80.4 1 0
bitunix-bot/cmd/backtest/main.go:81.8,83.3 1 0
bitunix-bot/cmd/backtest/main.go:86.2,89.21 2 0
bitunix-bot/cmd/backtest/main.go:89.21,92.3 1 0
bitunix-bot/cmd/backtest/main.go:94.2,94.21 1 0
bitunix-bot/cmd/backtest/main.go:95.13,96.38 1 0
bitunix-bot/cmd/backtest/main.go:97.14,98.39 1 0
bitunix-bot/cmd/backtest/main.go:99.16,101.17 2 0
bitunix-bot/cmd/backtest/main.go:101.17,103.4 1 0
bitunix-bot/cmd/backtest/main.go:104.3,105.73 2 0
bitunix-bot/cmd/backtest/main.go:106.14,109.17 2 0
bitunix-bot/cmd/backtest/main.go:109.17,111.4 1 0
bitunix-bot/cmd/backtest/main.go:112.10,113.68 1 0
bitunix-bot/cmd/backtest/main.go:116.2,116.16 1 0
bitunix-bot/cmd/backtest/main.go:116.16,118.3 1 0
bitunix-bot/cmd/backtest/main.go:121.2,122.16 2 0
bitunix-bot/cmd/backtest/main.go:122.16,124.3 1 0
bitunix-bot/cmd/backtest/main.go:127.2,130.37 3 0
bitunix-bot/cmd/backtest/main.go:130.37,132.3 1 0
bitunix-bot/cmd/backtest/main.go:135.2,139.50 3 0
bitunix-bot/cmd/backtest/main.go:139.50,141.3 1 0
bitunix-bot/cmd/backtest/main.go:144.2,148.41 2 0
bitunix-bot/cmd/backtest/main.go:152.107,154.16 2 0
bitunix-bot/cmd/backtest/main.go:154.16,156.3 1 0
bitunix-bot/cmd/backtest/main.go:158.2,158.18 1 0
bitunix-bot/cmd/backtest/main.go:158.18,161.17 2 0
bitunix-bot/cmd/backtest/main.go:161.17,163.4 1 0
bitunix-bot/cmd/backtest/main.go:164.3,165.59 2 0
bitunix-bot/cmd/backtest/main.go:169.2,169.9 1 0
bitunix-bot/cmd/backtest/main.go:170.30,171.34 1 0
bitunix-bot/cmd/backtest/main.go:172.31,173.35 1 0
bitunix-bot/cmd/backtest/main.go:174.10,175.66 1 0
bitunix-bot/cmd/backtest/main.go:180.44,182.48 2 0
bitunix-bot/cmd/backtest/main.go:182.48,184.14 2 0
bitunix-bot/cmd/backtest/main.go:184.14,186.4 1 0
bitunix-bot/cmd/backtest/main.go:188.2,188.15 1 0
bitunix-bot/cmd/backtest/main.go:192.38,194.2 1 0
bitunix-bot/cmd/bitrader/main.go:25.13,27.16 2 0
bitunix-bot/cmd/bitrader/main.go:27.16,29.3 1 0
bitunix-bot/cmd/bitrader/main.go:32.2,41.22 6 0
bitunix-bot/cmd/bitrader/main.go:41.22,43.17 2 0
bitunix-bot/cmd/bitrader/main.go:43.17,45.4 1 0
bitunix-bot/cmd/bitrader/main.go:45.9,47.4 1 0
bitunix-bot/cmd/bitrader/main.go:51.2,56.12 4 0
bitunix-bot/cmd/bitrader/main.go:56.12,64.13 4 0
bitunix-bot/cmd/bitrader/main.go:64.13,67.4 2 0
bitunix-bot/cmd/bitrader/main.go:69.3,69.80 1 0
bitunix-bot/cmd/bitrader/main.go:69.80,71.4 1 0
bitunix-bot/cmd/bitrader/main.go:75.2,78.12 4 0
bitunix-bot/cmd/bitrader/main.go:78.12,80.110 2 0
bitunix-bot/cmd/bitrader/main.go:80.110,83.4 2 0
bitunix-bot/cmd/bitrader/main.go:87.2,91.30 4 0
bitunix-bot/cmd/bitrader/main.go:91.30,95.3 3 0
bitunix-bot/cmd/bitrader/main.go:98.2,113.16 4 0
bitunix-bot/cmd/bitrader/main.go:113.16,118.3 3 0
bitunix-bot/cmd/bitrader/main.go:118.8,124.58 3 0
bitunix-bot/cmd/bitrader/main.go:124.58,126.16 2 0
bitunix-bot/cmd/bitrader/main.go:126.16,128.15 2 0
bitunix-bot/cmd/bitrader/main.go:128.15,129.76 1 0
bitunix-bot/cmd/bitrader/main.go:129.76,131.7 1 0
bitunix-bot/cmd/bitrader/main.go:133.5,133.50 1 0
bitunix-bot/cmd/bitrader/main.go:139.2,140.12 2 0
bitunix-bot/cmd/bitrader/main.go:140.12,142.7 2 0
bitunix-bot/cmd/bitrader/main.go:142.7,143.11 1 0
bitunix-bot/cmd/bitrader/main.go:144.22,145.11 1 0
bitunix-bot/cmd/bitrader/main.go:146.25,149.24 3 0
bitunix-bot/cmd/bitrader/main.go:155.2,156.12 2 0
bitunix-bot/cmd/bitrader/main.go:156.12,158.7 2 0
bitunix-bot/cmd/bitrader/main.go:158.7,159.11 1 0
bitunix-bot/cmd/bitrader/main.go:160.22,161.11 1 0
bitunix-bot/cmd/bitrader/main.go:162.23,165.12 2 0
bitunix-bot/cmd/bitrader/main.go:165.12,166.14 1 0
bitunix-bot/cmd/bitrader/main.go:168.5,169.12 2 0
bitunix-bot/cmd/bitrader/main.go:169.12,170.14 1 0
bitunix-bot/cmd/bitrader/main.go:172.5,172.19 1 0
bitunix-bot/cmd/bitrader/main.go:172.19,173.14 1 0
bitunix-bot/cmd/bitrader/main.go:176.5,177.17 2 0
bitunix-bot/cmd/bitrader/main.go:177.17,178.14 1 0
bitunix-bot/cmd/bitrader/main.go:182.5,189.21 5 0
bitunix-bot/cmd/bitrader/main.go:189.21,191.6 1 0
bitunix-bot/cmd/bitrader/main.go:194.5,194.27 1 0
bitunix-bot/cmd/bitrader/main.go:200.2,201.12 2 0
bitunix-bot/cmd/bitrader/main.go:201.12,203.7 2 0
bitunix-bot/cmd/bitrader/main.go:203.7,204.11 1 0
bitunix-bot/cmd/bitrader/main.go:205.22,206.11 1 0
bitunix-bot/cmd/bitrader/main.go:207.23,213.24 4 0
bitunix-bot/cmd/bitrader/main.go:213.24,214.41 1 0
bitunix-bot/cmd/bitrader/main.go:214.41,216.7 1 0
bitunix-bot/cmd/bitrader/main.go:219.5,220.27 2 0
bitunix-bot/cmd/bitrader/main.go:220.27,222.6 1 0
bitunix-bot/cmd/bitrader/main.go:222.11,222.34 1 0
bitunix-bot/cmd/bitrader/main.go:222.34,224.6 1 0
bitunix-bot/cmd/bitrader/main.go:225.5,229.21 3 0
bitunix-bot/cmd/bitrader/main.go:229.21,231.6 1 0
bitunix-bot/cmd/bitrader/main.go:234.5,234.27 1 0
bitunix-bot/cmd/bitrader/main.go:240.2,243.9 3 0
bitunix-bot/cmd/bitrader/main.go:244.17,245.45 1 0
bitunix-bot/cmd/bitrader/main.go:246.20,247.38 1 0
bitunix-bot/cmd/bitrader/main.go:250.2,255.12 4 0
bitunix-bot/cmd/bitrader/main.go:255.12,258.3 2 0
bitunix-bot/cmd/bitrader/main.go:260.2,260.9 1 0
bitunix-bot/cmd/bitrader/main.go:261.14,262.43 1 0
bitunix-bot/cmd/bitrader/main.go:263.38,264.51 1 0
bitunix-bot/internal/backtest/data_loader.go:36.34,41.2 1 0
bitunix-bot/internal/backtest/data_loader.go:44.114,51.33 2 0
bitunix-bot/internal/backtest/data_loader.go:51.33,54.17 2 0
bitunix-bot/internal/backtest/data_loader.go:54.17,56.4 1 0
bitunix-bot/internal/backtest/data_loader.go:58.3,58.32 1 0
bitunix-bot/internal/backtest/data_loader.go:58.32,66.4 1 0
bitunix-bot/internal/backtest/data_loader.go:69.3,70.17 2 0
bitunix-bot/internal/backtest/data_loader.go:70.17,72.4 1 0
bitunix-bot/internal/backtest/data_loader.go:74.3,74.32 1 0
bitunix-bot/internal/backtest/data_loader.go:74.32,83.4 1 0
bitunix-bot/internal/backtest/data_loader.go:87.2,87.42 1 0
bitunix-bot/internal/backtest/data_loader.go:87.42,89.3 1 0
bitunix-bot/internal/backtest/data_loader.go:91.2,91.22 1 0
bitunix-bot/internal/backtest/data_loader.go:91.22,94.3 2 0
bitunix-bot/internal/backtest/data_loader.go:96.2,102.12 2 0
bitunix-bot/internal/backtest/data_loader.go:106.58,108.16 2 0
bitunix-bot/internal/backtest/data_loader.go:108.16,110.3 1 0
bitunix-bot/internal/backtest/data_loader.go:111.2,117.16 4 0
bitunix-bot/internal/backtest/data_loader.go:117.16,119.3 1 0
bitunix-bot/internal/backtest/data_loader.go:122.2,123.29 2 0
bitunix-bot/internal/backtest/data_loader.go:123.29,125.3 1 0
bitunix-bot/internal/backtest/data_loader.go:128.2,128.6 1 0
bitunix-bot/internal/backtest/data_loader.go:128.6,130.17 2 0
bitunix-bot/internal/backtest/data_loader.go:130.17,131.9 1 0
bitunix-bot/internal/backtest/data_loader.go:135.3,136.17 2 0
bitunix-bot/internal/backtest/data_loader.go:136.17,137.12 1 0
bitunix-bot/internal/backtest/data_loader.go:141.3,142.17 2 0
bitunix-bot/internal/backtest/data_loader.go:142.17,143.12 1 0
bitunix-bot/internal/backtest/data_loader.go:147.3,148.39 2 0
bitunix-bot/internal/backtest/data_loader.go:148.39,150.4 1 0
bitunix-bot/internal/backtest/data_loader.go:152.3,153.41 2 0
bitunix-bot/internal/backtest/data_loader.go:153.41,155.4 1 0
bitunix-bot/internal/backtest/data_loader.go:157.3,166.26 2 0
bitunix-bot/internal/backtest/data_loader.go:166.26,167.44 1 0
bitunix-bot/internal/backtest/data_loader.go:167.44,169.5 1 0
bitunix-bot/internal/backtest/data_loader.go:170.4,170.44 1 0
bitunix-bot/internal/backtest/data_loader.go:170.44,172.5 1 0
bitunix-bot/internal/backtest/data_loader.go:175.3,175.35 1 0
bitunix-bot/internal/backtest/data_loader.go:179.2,179.42 1 0
bitunix-bot/internal/backtest/data_loader.go:179.42,181.3 1 0
bitunix-bot/internal/backtest/data_loader.go:183.2,183.22 1 0
bitunix-bot/internal/backtest/data_loader.go:183.22,186.3 2 0
bitunix-bot/internal/backtest/data_loader.go:188.2,193.12 2 0
bitunix-bot/internal/backtest/data_loader.go:197.59,199.16 2 0
bitunix-bot/internal/backtest/data_loader.go:199.16,201.3 1 0
bitunix-bot/internal/backtest/data_loader.go:202.2,206.21 3 0
bitunix-bot/internal/backtest/data_loader.go:206.21,208.49 2 0
bitunix-bot/internal/backtest/data_loader.go:208.49,209.12 1 0
bitunix-bot/internal/backtest/data_loader.go:213.3,222.45 2 0
bitunix-bot/internal/backtest/data_loader.go:222.45,231.4 1 0
bitunix-bot/internal/backtest/data_loader.go:235.2,235.42 1 0
bitunix-bot/internal/backtest/data_loader.go:235.42,237.3 1 0
bitunix-bot/internal/backtest/data_loader.go:239.2,239.22 1 0
bitunix-bot/internal/backtest/data_loader.go:239.22,242.3 2 0
bitunix-bot/internal/backtest/data_loader.go:244.2,249.12 2 0
bitunix-bot/internal/backtest/data_loader.go:253.31,255.2 1 0
bitunix-bot/internal/backtest/data_loader.go:258.38,260.2 1 0
bitunix-bot/internal/backtest/data_loader.go:263.40,264.30 1 0
bitunix-bot/internal/backtest/data_loader.go:264.30,266.3 1 0
bitunix-bot/internal/backtest/data_loader.go:268.2,270.14 3 0
bitunix-bot/internal/backtest/data_loader.go:274.42,276.2 1 0
bitunix-bot/internal/backtest/data_loader.go:279.45,280.23 1 0
bitunix-bot/internal/backtest/data_loader.go:280.23,282.3 1 0
bitunix-bot/internal/backtest/data_loader.go:283.2,283.58 1 0
bitunix-bot/internal/backtest/engine.go:77.97,79.57 2 0
bitunix-bot/internal/backtest/engine.go:79.57,81.3 1 0
bitunix-bot/internal/backtest/engine.go:83.2,100.40 2 0
bitunix-bot/internal/backtest/engine.go:100.40,104.3 3 0
bitunix-bot/internal/backtest/engine.go:106.2,106.10 1 0
bitunix-bot/internal/backtest/engine.go:110.30,118.23 2 0
bitunix-bot/internal/backtest/engine.go:118.23,122.27 2 0
bitunix-bot/internal/backtest/engine.go:122.27,124.4 1 0
bitunix-bot/internal/backtest/engine.go:124.9,124.34 1 0
bitunix-bot/internal/backtest/engine.go:124.34,126.4 1 0
bitunix-bot/internal/backtest/engine.go:129.3,129.25 1 0
bitunix-bot/internal/backtest/engine.go:133.2,138.12 3 0
bitunix-bot/internal/backtest/engine.go:142.50,155.18 8 0
bitunix-bot/internal/backtest/engine.go:155.18,157.23 2 0
bitunix-bot/internal/backtest/engine.go:157.23,159.4 1 0
bitunix-bot/internal/backtest/engine.go:159.9,159.30 1 0
bitunix-bot/internal/backtest/engine.go:159.30,161.4 1 0
bitunix-bot/internal/backtest/engine.go:162.3,162.31 1 0
bitunix-bot/internal/backtest/engine.go:165.2,165.29 1 0
bitunix-bot/internal/backtest/engine.go:169.53,175.16 5 0
bitunix-bot/internal/backtest/engine.go:175.16,177.3 1 0
bitunix-bot/internal/backtest/engine.go:180.2,181.17 2 0
bitunix-bot/internal/backtest/engine.go:181.17,183.3 1 0
bitunix-bot/internal/backtest/engine.go:185.2,197.61 5 0
bitunix-bot/internal/backtest/engine.go:197.61,199.3 1 0
bitunix-bot/internal/backtest/engine.go:203.108,208.46 3 0
bitunix-bot/internal/backtest/engine.go:208.46,210.3 1 0
bitunix-bot/internal/backtest/engine.go:213.2,214.19 2 0
bitunix-bot/internal/backtest/engine.go:214.19,216.3 1 0
bitunix-bot/internal/backtest/engine.go:216.8,218.3 1 0
bitunix-bot/internal/backtest/engine.go:221.2,228.43 5 0
bitunix-bot/internal/backtest/engine.go:228.43,230.3 1 0
bitunix-bot/internal/backtest/engine.go:233.2,234.20 2 0
bitunix-bot/internal/backtest/engine.go:234.20,237.3 2 0
bitunix-bot/internal/backtest/engine.go:237.8,240.3 2 0
bitunix-bot/internal/backtest/engine.go:243.2,266.25 5 0
bitunix-bot/internal/backtest/engine.go:270.49,275.13 4 0
bitunix-bot/internal/backtest/engine.go:275.13,277.3 1 0
bitunix-bot/internal/backtest/engine.go:279.2,283.67 2 0
bitunix-bot/internal/backtest/engine.go:283.67,286.3 2 0
bitunix-bot/internal/backtest/engine.go:289.2,290.69 1 0
bitunix-bot/internal/backtest/engine.go:290.69,293.3 2 0
bitunix-bot/internal/backtest/engine.go:296.2,297.31 2 0
bitunix-bot/internal/backtest/engine.go:297.31,299.3 1 0
bitunix-bot/internal/backtest/engine.go:303.101,305.13 2 0
bitunix-bot/internal/backtest/engine.go:305.13,307.3 1 0
bitunix-bot/internal/backtest/engine.go:310.2,311.29 2 0
bitunix-bot/internal/backtest/engine.go:311.29,313.3 1 0
bitunix-bot/internal/backtest/engine.go:313.8,315.3 1 0
bitunix-bot/internal/backtest/engine.go:318.2,352.25 9 0
bitunix-bot/internal/backtest/engine.go:356.51,360.44 3 0
bitunix-bot/internal/backtest/engine.go:360.44,363.21 2 0
bitunix-bot/internal/backtest/engine.go:363.21,365.4 1 0
bitunix-bot/internal/backtest/engine.go:367.3,367.57 1 0
bitunix-bot/internal/backtest/engine.go:372.37,379.32 5 0
bitunix-bot/internal/backtest/engine.go:379.32,381.3 1 0
bitunix-bot/internal/backtest/engine.go:384.2,387.41 3 0
bitunix-bot/internal/backtest/engine.go:387.41,391.20 3 0
bitunix-bot/internal/backtest/engine.go:391.20,394.4 2 0
bitunix-bot/internal/backtest/engine.go:394.9,397.4 2 0
bitunix-bot/internal/backtest/engine.go:399.3,399.46 1 0
bitunix-bot/internal/backtest/engine.go:403.2,406.19 2 0
bitunix-bot/internal/backtest/engine.go:406.19,408.3 1 0
bitunix-bot/internal/backtest/engine.go:411.2,417.31 3 0
bitunix-bot/internal/backtest/engine.go:417.31,420.3 2 0
bitunix-bot/internal/backtest/engine.go:424.49,425.32 1 0
bitunix-bot/internal/backtest/engine.go:425.32,427.3 1 0
bitunix-bot/internal/backtest/engine.go:429.2,433.41 4 0
bitunix-bot/internal/backtest/engine.go:433.41,435.28 2 0
bitunix-bot/internal/backtest/engine.go:435.28,437.4 1 0
bitunix-bot/internal/backtest/engine.go:439.3,440.29 2 0
bitunix-bot/internal/backtest/engine.go:440.29,442.4 1 0
bitunix-bot/internal/backtest/engine.go:445.2,445.26 1 0
bitunix-bot/internal/backtest/engine.go:449.66,450.22 1 0
bitunix-bot/internal/backtest/engine.go:450.22,452.3 1 0
bitunix-bot/internal/backtest/engine.go:455.2,456.28 2 0
bitunix-bot/internal/backtest/engine.go:456.28,458.3 1 0
bitunix-bot/internal/backtest/engine.go:459.2,463.28 3 0
bitunix-bot/internal/backtest/engine.go:463.28,465.3 1 0
bitunix-bot/internal/backtest/engine.go:466.2,468.17 2 0
bitunix-bot/internal/backtest/engine.go:468.17,470.3 1 0
bitunix-bot/internal/backtest/engine.go:473.2,473.41 1 0
bitunix-bot/internal/backtest/engine.go:477.40,479.2 1 0
bitunix-bot/internal/backtest/reporter.go:22.65,27.2 1 0
bitunix-bot/internal/backtest/reporter.go:30.43,32.56 1 0
bitunix-bot/internal/backtest/reporter.go:32.56,34.3 1 0
bitunix-bot/internal/backtest/reporter.go:37.2,37.44 1 0
bitunix-bot/internal/backtest/reporter.go:37.44,39.3 1 0
bitunix-bot/internal/backtest/reporter.go:41.2,41.45 1 0
bitunix-bot/internal/backtest/reporter.go:41.45,43.3 1 0
bitunix-bot/internal/backtest/reporter.go:45.2,45.47 1 0
bitunix-bot/internal/backtest/reporter.go:45.47,47.3 1 0
bitunix-bot/internal/backtest/reporter.go:49.2,49.50 1 0
bitunix-bot/internal/backtest/reporter.go:49.50,51.3 1 0
bitunix-bot/internal/backtest/reporter.go:53.2,53.12 1 0
bitunix-bot/internal/backtest/reporter.go:57.44,60.16 3 0
bitunix-bot/internal/backtest/reporter.go:60.16,62.3 1 0
bitunix-bot/internal/backtest/reporter.go:63.2,97.26 24 0
bitunix-bot/internal/backtest/reporter.go:97.26,100.42 3 0
bitunix-bot/internal/backtest/reporter.go:100.42,103.4 1 0
bitunix-bot/internal/backtest/reporter.go:106.2,107.12 2 0
bitunix-bot/internal/backtest/reporter.go:111.45,114.16 3 0
bitunix-bot/internal/backtest/reporter.go:114.16,116.3 1 0
bitunix-bot/internal/backtest/reporter.go:117.2,127.45 5 0
bitunix-bot/internal/backtest/reporter.go:127.45,129.3 1 0
bitunix-bot/internal/backtest/reporter.go:132.2,132.41 1 0
bitunix-bot/internal/backtest/reporter.go:132.41,146.46 2 0
bitunix-bot/internal/backtest/reporter.go:146.46,148.4 1 0
bitunix-bot/internal/backtest/reporter.go:151.2,152.12 2 0
bitunix-bot/internal/backtest/reporter.go:156.47,180.16 4 0
bitunix-bot/internal/backtest/reporter.go:180.16,182.3 1 0
bitunix-bot/internal/backtest/reporter.go:184.2,184.59 1 0
bitunix-bot/internal/backtest/reporter.go:184.59,186.3 1 0
bitunix-bot/internal/backtest/reporter.go:188.2,189.12 2 0
bitunix-bot/internal/backtest/reporter.go:193.50,196.16 3 0
bitunix-bot/internal/backtest/reporter.go:196.16,198.3 1 0
bitunix-bot/internal/backtest/reporter.go:199.2,209.45 6 0
bitunix-bot/internal/backtest/reporter.go:209.45,211.3 1 0
bitunix-bot/internal/backtest/reporter.go:214.2,214.28 1 0
bitunix-bot/internal/backtest/reporter.go:214.28,223.46 2 0
bitunix-bot/internal/backtest/reporter.go:223.46,225.4 1 0
bitunix-bot/internal/backtest/reporter.go:228.2,229.12 2 0
bitunix-bot/internal/backtest/reporter.go:240.67,243.41 2 0
bitunix-bot/internal/backtest/reporter.go:243.41,244.48 1 0
bitunix-bot/internal/backtest/reporter.go:244.48,246.4 1 0
bitunix-bot/internal/backtest/reporter.go:248.3,251.20 4 0
bitunix-bot/internal/backtest/reporter.go:251.20,253.4 1 0
bitunix-bot/internal/backtest/reporter.go:257.2,257.26 1 0
bitunix-bot/internal/backtest/reporter.go:257.26,258.18 1 0
bitunix-bot/internal/backtest/reporter.go:258.18,260.4 1 0
bitunix-bot/internal/backtest/reporter.go:263.2,263.14 1 0
bitunix-bot/internal/backtest/reporter.go:277.64,278.32 1 0
bitunix-bot/internal/backtest/reporter.go:278.32,280.3 1 0
bitunix-bot/internal/backtest/reporter.go:283.2,284.41 2 0
bitunix-bot/internal/backtest/reporter.go:284.41,287.3 2 0
bitunix-bot/internal/backtest/reporter.go:290.2,299.32 8 0
bitunix-bot/internal/backtest/reporter.go:299.32,301.3 1 0
bitunix-bot/internal/backtest/reporter.go:302.2,304.32 2 0
bitunix-bot/internal/backtest/reporter.go:304.32,311.32 5 0
bitunix-bot/internal/backtest/reporter.go:311.32,314.21 3 0
bitunix-bot/internal/backtest/reporter.go:314.21,317.5 2 0
bitunix-bot/internal/backtest/reporter.go:320.3,323.21 3 0
bitunix-bot/internal/backtest/reporter.go:323.21,325.4 1 0
bitunix-bot/internal/backtest/reporter.go:327.3,337.5 3 0
bitunix-bot/internal/backtest/reporter.go:340.2,340.16 1 0
bitunix-bot/internal/backtest/reporter.go:344.35,360.2 11 0
bitunix-bot/scripts/data-collection/collect_historical_data.go:35.102,46.2 5 0
bitunix-bot/scripts/data-collection/collect_historical_data.go:49.130,65.16 4 0
bitunix-bot/scripts/data-collection/collect_historical_data.go:65.16,67.3 1 0
bitunix-bot/scripts/data-collection/collect_historical_data.go:69.2,69.40 1 0
bitunix-bot/scripts/data-collection/collect_historical_data.go:69.40,71.3 1 0
bitunix-bot/scripts/data-collection/collect_historical_data.go:73.2,74.61 2 0
bitunix-bot/scripts/data-collection/collect_historical_data.go:74.61,76.3 1 0
bitunix-bot/scripts/data-collection/collect_historical_data.go:78.2,78.20 1 0
bitunix-bot/scripts/data-collection/collect_historical_data.go:82.92,83.31 1 0
bitunix-bot/scripts/data-collection/collect_historical_data.go:83.31,95.51 3 0
bitunix-bot/scripts/data-collection/collect_historical_data.go:95.51,97.4 1 0
bitunix-bot/scripts/data-collection/collect_historical_data.go:101.3,125.51 14 0
bitunix-bot/scripts/data-collection/collect_historical_data.go:125.51,127.4 1 0
bitunix-bot/scripts/data-collection/collect_historical_data.go:130.2,130.12 1 0
bitunix-bot/scripts/data-collection/collect_historical_data.go:134.125,144.30 5 0
bitunix-bot/scripts/data-collection/collect_historical_data.go:144.30,146.30 2 0
bitunix-bot/scripts/data-collection/collect_historical_data.go:146.30,148.4 1 0
bitunix-bot/scripts/data-collection/collect_historical_data.go:150.3,153.17 3 0
bitunix-bot/scripts/data-collection/collect_historical_data.go:153.17,157.12 3 0
bitunix-bot/scripts/data-collection/collect_historical_data.go:160.3,160.23 1 0
bitunix-bot/scripts/data-collection/collect_historical_data.go:160.23,163.12 3 0
bitunix-bot/scripts/data-collection/collect_historical_data.go:166.3,166.59 1 0
bitunix-bot/scripts/data-collection/collect_historical_data.go:166.59,168.4 1 0
bitunix-bot/scripts/data-collection/collect_historical_data.go:170.3,177.30 4 0
bitunix-bot/scripts/data-collection/collect_historical_data.go:180.2,181.12 2 0
bitunix-bot/scripts/data-collection/collect_historical_data.go:184.13,198.16 4 0
bitunix-bot/scripts/data-collection/collect_historical_data.go:198.16,200.3 1 0
bitunix-bot/scripts/data-collection/collect_historical_data.go:203.2,204.20 2 0
bitunix-bot/scripts/data-collection/collect_historical_data.go:204.20,206.3 1 0
bitunix-bot/scripts/data-collection/collect_historical_data.go:208.2,208.26 1 0
bitunix-bot/scripts/data-collection/collect_historical_data.go:208.26,210.3 1 0
bitunix-bot/scripts/data-collection/collect_historical_data.go:213.2,214.22 2 0
bitunix-bot/scripts/data-collection/collect_historical_data.go:214.22,216.17 2 0
bitunix-bot/scripts/data-collection/collect_historical_data.go:216.17,218.4 1 0
bitunix-bot/scripts/data-collection/collect_historical_data.go:219.8,221.3 1 0
bitunix-bot/scripts/data-collection/collect_historical_data.go:223.2,223.20 1 0
bitunix-bot/scripts/data-collection/collect_historical_data.go:223.20,225.17 2 0
bitunix-bot/scripts/data-collection/collect_historical_data.go:225.17,227.4 1 0
bitunix-bot/scripts/data-collection/collect_historical_data.go:228.8,230.3 1 0
bitunix-bot/scripts/data-collection/collect_historical_data.go:233.2,234.16 2 0
bitunix-bot/scripts/data-collection/collect_historical_data.go:234.16,236.3 1 0
bitunix-bot/scripts/data-collection/collect_historical_data.go:237.2,243.36 3 0
bitunix-bot/scripts/data-collection/collect_historical_data.go:243.36,244.88 1 0
bitunix-bot/scripts/data-collection/collect_historical_data.go:244.88,246.12 2 0
bitunix-bot/scripts/data-collection/collect_historical_data.go:250.2,250.53 1 0
bitunix-bot/scripts/data-collection/collect_historical_data.go:253.44,255.46 2 0
bitunix-bot/scripts/data-collection/collect_historical_data.go:255.46,257.14 2 0
bitunix-bot/scripts/data-collection/collect_historical_data.go:257.14,259.4 1 0
bitunix-bot/scripts/data-collection/collect_historical_data.go:261.2,261.15 1 0
bitunix-bot/scripts/data-collection/collect_historical_data.go:264.49,268.30 3 0
bitunix-bot/scripts/data-collection/collect_historical_data.go:268.30,269.53 1 0
bitunix-bot/scripts/data-collection/collect_historical_data.go:269.53,273.4 3 0
bitunix-bot/scripts/data-collection/collect_historical_data.go:275.2,275.20 1 0
bitunix-bot/scripts/data-collection/collect_historical_data.go:275.20,277.3 1 0
bitunix-bot/scripts/data-collection/collect_historical_data.go:278.2,278.15 1 0
bitunix-bot/scripts/data-collection/collect_historical_data.go:281.33,285.79 3 0
bitunix-bot/scripts/data-collection/collect_historical_data.go:285.79,287.3 1 0
bitunix-bot/scripts/data-collection/collect_historical_data.go:288.2,288.79 1 0
bitunix-bot/scripts/data-collection/collect_historical_data.go:288.79,290.3 1 0
bitunix-bot/scripts/data-collection/collect_historical_data.go:291.2,291.21 1 0
bitunix-bot/scripts/test-utils/test_model_main.go:13.13,20.22 4 0
bitunix-bot/scripts/test-utils/test_model_main.go:20.22,22.3 1 0
bitunix-bot/scripts/test-utils/test_model_main.go:24.2,25.16 2 0
bitunix-bot/scripts/test-utils/test_model_main.go:25.16,27.3 1 0
bitunix-bot/scripts/test-utils/test_model_main.go:29.2,34.16 4 0
bitunix-bot/scripts/test-utils/test_model_main.go:34.16,36.3 1 0
bitunix-bot/scripts/test-utils/test_model_main.go:37.2,68.31 4 0
bitunix-bot/scripts/test-utils/test_model_main.go:68.31,74.40 4 0
bitunix-bot/scripts/test-utils/test_model_main.go:74.40,77.16 3 0
bitunix-bot/scripts/test-utils/test_model_main.go:77.16,79.5 1 0
bitunix-bot/scripts/test-utils/test_model_main.go:80.4,80.61 1 0
bitunix-bot/scripts/test-utils/test_model_main.go:84.3,85.17 2 0
bitunix-bot/scripts/test-utils/test_model_main.go:85.17,87.4 1 0
bitunix-bot/scripts/test-utils/test_model_main.go:87.9,90.4 2 0
bitunix-bot/scripts/test-utils/test_model_main.go:92.3,92.53 1 0
bitunix-bot/scripts/test-utils/test_model_main.go:96.2,101.34 4 0
bitunix-bot/scripts/test-utils/test_model_main.go:101.34,109.40 2 0
bitunix-bot/scripts/test-utils/test_model_main.go:109.40,111.4 1 0
bitunix-bot/scripts/test-utils/test_model_main.go:114.2,117.23 3 0
bitunix-bot/scripts/test-utils/test_model_main.go:117.23,119.3 1 0
bitunix-bot/scripts/test-utils/test_model_main.go:119.8,119.30 1 0
bitunix-bot/scripts/test-utils/test_model_main.go:119.30,121.3 1 0
bitunix-bot/scripts/test-utils/test_model_main.go:121.8,123.3 1 0
bitunix-bot/scripts/test-utils/test_model_main.go:126.2,139.31 3 0
bitunix-bot/scripts/test-utils/test_model_main.go:139.31,146.17 4 0
bitunix-bot/scripts/test-utils/test_model_main.go:146.17,148.4 1 0
bitunix-bot/scripts/test-utils/test_model_main.go:148.9,150.4 1 0
bitunix-bot/scripts/test-utils/test_model_main.go:153.2,159.73 7 0
bitunix-bot/scripts/export-utils/export_data.go:28.13,39.19 4 0
bitunix-bot/scripts/export-utils/export_data.go:39.19,41.3 1 0
bitunix-bot/scripts/export-utils/export_data.go:42.2,42.15 1 0
bitunix-bot/scripts/export-utils/export_data.go:42.15,44.3 1 0
bitunix-bot/scripts/export-utils/export_data.go:47.2,48.16 2 0
bitunix-bot/scripts/export-utils/export_data.go:48.16,50.3 1 0
bitunix-bot/scripts/export-utils/export_data.go:51.2,55.15 4 0
bitunix-bot/scripts/export-utils/export_data.go:55.15,57.3 1 0
bitunix-bot/scripts/export-utils/export_data.go:60.2,60.40 1 0
bitunix-bot/scripts/export-utils/export_data.go:60.40,62.20 2 0
bitunix-bot/scripts/export-utils/export_data.go:62.20,64.4 1 0
bitunix-bot/scripts/export-utils/export_data.go:66.3,66.49 1 0
bitunix-bot/scripts/export-utils/export_data.go:66.49,68.53 2 0
bitunix-bot/scripts/export-utils/export_data.go:68.53,70.5 1 0
bitunix-bot/scripts/export-utils/export_data.go:73.4,73.55 1 0
bitunix-bot/scripts/export-utils/export_data.go:73.55,75.5 1 0
bitunix-bot/scripts/export-utils/export_data.go:77.4,77.30 1 0
bitunix-bot/scripts/export-utils/export_data.go:77.30,79.5 1 0
bitunix-bot/scripts/export-utils/export_data.go:80.4,80.14 1 0
bitunix-bot/scripts/export-utils/export_data.go:84.2,84.16 1 0
bitunix-bot/scripts/export-utils/export_data.go:84.16,86.3 1 0
bitunix-bot/scripts/export-utils/export_data.go:88.2,88.23 1 0
bitunix-bot/scripts/export-utils/export_data.go:88.23,90.3 1 0
bitunix-bot/scripts/export-utils/export_data.go:93.2,94.16 2 0
bitunix-bot/scripts/export-utils/export_data.go:94.16,96.3 1 0
bitunix-bot/scripts/export-utils/export_data.go:97.2,101.33 3 0
bitunix-bot/scripts/export-utils/export_data.go:101.33,102.48 1 0
bitunix-bot/scripts/export-utils/export_data.go:102.48,104.4 1 0
bitunix-bot/scripts/export-utils/export_data.go:107.2,110.22 2 0
bitunix-bot/scripts/export-utils/export_data.go:110.22,117.34 5 0
bitunix-bot/scripts/export-utils/export_data.go:117.34,119.4 1 0
bitunix-bot/scripts/export-utils/export_data.go:121.3,122.40 2 0
bitunix-bot/scripts/export-utils/export_data.go:122.40,124.4 1 0
bitunix-bot/scripts/export-utils/export_data.go:129.48,131.96 1 0
bitunix-bot/scripts/export-utils/export_data.go:131.96,133.3 1 0
bitunix-bot/scripts/export-utils/export_data.go:134.2,134.83 1 0
bitunix-bot/scripts/export-utils/export_data.go:134.83,136.3 1 0
bitunix-bot/scripts/export-utils/export_data.go:139.2,139.53 1 0
bitunix-bot/scripts/export-utils/export_data.go:139.53,141.3 1 0
bitunix-bot/scripts/export-utils/export_data.go:142.2,142.55 1 0
bitunix-bot/scripts/export-utils/export_data.go:142.55,144.3 1 0
bitunix-bot/scripts/export-utils/export_data.go:145.2,145.51 1 0
bitunix-bot/scripts/export-utils/export_data.go:145.51,147.3 1 0
bitunix-bot/scripts/export-utils/export_data.go:148.2,148.45 1 0
bitunix-bot/scripts/export-utils/export_data.go:148.45,150.3 1 0
bitunix-bot/scripts/export-utils/export_data.go:152.2,152.13 1 0
bitunix-bot/scripts/export-utils/export_data.go:156.31,158.2 1 0
bitunix-bot/scripts/export-utils/export_data.go:161.28,163.2 1 0
bitunix-bot/scripts/export-utils/export_data.go:166.28,168.2 1 0
bitunix-bot/internal/cfg/cfg.go:80.31,82.62 1 2
bitunix-bot/internal/cfg/cfg.go:82.62,84.3 1 1
bitunix-bot/internal/cfg/cfg.go:87.2,87.22 1 1
bitunix-bot/internal/cfg/cfg.go:90.50,92.16 2 5
bitunix-bot/internal/cfg/cfg.go:92.16,94.3 1 0
bitunix-bot/internal/cfg/cfg.go:96.2,97.54 2 5
bitunix-bot/internal/cfg/cfg.go:97.54,99.3 1 1
bitunix-bot/internal/cfg/cfg.go:102.2,103.16 2 4
bitunix-bot/internal/cfg/cfg.go:103.16,105.3 1 1
bitunix-bot/internal/cfg/cfg.go:107.2,108.16 2 4
bitunix-bot/internal/cfg/cfg.go:108.16,110.3 1 1
bitunix-bot/internal/cfg/cfg.go:112.2,113.16 2 4
bitunix-bot/internal/cfg/cfg.go:113.16,115.3 1 1
bitunix-bot/internal/cfg/cfg.go:118.2,121.31 3 4
bitunix-bot/internal/cfg/cfg.go:121.31,123.3 1 1
bitunix-bot/internal/cfg/cfg.go:125.2,149.52 2 3
bitunix-bot/internal/cfg/cfg.go:149.52,151.3 1 0
bitunix-bot/internal/cfg/cfg.go:153.2,153.22 1 3
bitunix-bot/internal/cfg/cfg.go:156.38,158.16 2 6
bitunix-bot/internal/cfg/cfg.go:158.16,160.3 1 2
bitunix-bot/internal/cfg/cfg.go:162.2,163.16 2 4
bitunix-bot/internal/cfg/cfg.go:163.16,165.3 1 1
bitunix-bot/internal/cfg/cfg.go:167.2,191.52 2 3
bitunix-bot/internal/cfg/cfg.go:191.52,193.3 1 0
bitunix-bot/internal/cfg/cfg.go:195.2,195.22 1 3
bitunix-bot/internal/cfg/cfg.go:199.64,200.55 1 2
bitunix-bot/internal/cfg/cfg.go:200.55,202.3 1 1
bitunix-bot/internal/cfg/cfg.go:205.2,209.3 1 1
bitunix-bot/internal/cfg/cfg.go:212.49,214.13 2 10
bitunix-bot/internal/cfg/cfg.go:214.13,216.3 1 3
bitunix-bot/internal/cfg/cfg.go:217.2,217.15 1 7
bitunix-bot/internal/cfg/cfg.go:220.55,221.34 1 29
bitunix-bot/internal/cfg/cfg.go:221.34,223.3 1 1
bitunix-bot/internal/cfg/cfg.go:224.2,224.21 1 28
bitunix-bot/internal/cfg/cfg.go:227.81,228.34 1 9
bitunix-bot/internal/cfg/cfg.go:228.34,229.50 1 1
bitunix-bot/internal/cfg/cfg.go:229.50,231.4 1 1
bitunix-bot/internal/cfg/cfg.go:233.2,233.21 1 8
bitunix-bot/internal/cfg/cfg.go:236.56,237.34 1 9
bitunix-bot/internal/cfg/cfg.go:237.34,238.44 1 1
bitunix-bot/internal/cfg/cfg.go:238.44,240.4 1 1
bitunix-bot/internal/cfg/cfg.go:242.2,242.21 1 8
bitunix-bot/internal/cfg/cfg.go:245.66,246.34 1 15
bitunix-bot/internal/cfg/cfg.go:246.34,247.54 1 3
bitunix-bot/internal/cfg/cfg.go:247.54,249.4 1 3
bitunix-bot/internal/cfg/cfg.go:251.2,251.21 1 12
bitunix-bot/internal/cfg/cfg.go:254.59,255.34 1 3
bitunix-bot/internal/cfg/cfg.go:255.34,256.49 1 1
bitunix-bot/internal/cfg/cfg.go:256.49,258.4 1 1
bitunix-bot/internal/cfg/cfg.go:260.2,260.21 1 2
bitunix-bot/internal/cfg/cfg.go:263.54,264.13 1 3
bitunix-bot/internal/cfg/cfg.go:264.13,266.3 1 2
bitunix-bot/internal/cfg/cfg.go:267.2,267.30 1 1
bitunix-bot/internal/cfg/cfg.go:270.65,271.44 1 3
bitunix-bot/internal/cfg/cfg.go:271.44,273.3 1 0
bitunix-bot/internal/cfg/cfg.go:274.2,274.28 1 3
bitunix-bot/internal/cfg/cfg.go:274.28,276.3 1 3
bitunix-bot/internal/cfg/cfg.go:277.2,277.28 1 0
bitunix-bot/internal/cfg/cfg.go:280.61,281.38 1 9
bitunix-bot/internal/cfg/cfg.go:281.38,282.48 1 0
bitunix-bot/internal/cfg/cfg.go:282.48,284.4 1 0
bitunix-bot/internal/cfg/cfg.go:286.2,286.22 1 9
bitunix-bot/internal/cfg/cfg.go:286.22,288.3 1 9
bitunix-bot/internal/cfg/cfg.go:289.2,289.32 1 0
bitunix-bot/internal/cfg/cfg.go:292.71,293.38 1 15
bitunix-bot/internal/cfg/cfg.go:293.38,294.58 1 1
bitunix-bot/internal/cfg/cfg.go:294.58,296.4 1 1
bitunix-bot/internal/cfg/cfg.go:298.2,298.22 1 14
bitunix-bot/internal/cfg/cfg.go:298.22,300.3 1 14
bitunix-bot/internal/cfg/cfg.go:301.2,301.34 1 0
bitunix-bot/internal/cfg/cfg.go:304.64,305.38 1 3
bitunix-bot/internal/cfg/cfg.go:305.38,306.53 1 0
bitunix-bot/internal/cfg/cfg.go:306.53,308.4 1 0
bitunix-bot/internal/cfg/cfg.go:310.2,310.20 1 3
bitunix-bot/internal/cfg/cfg.go:314.49,316.49 1 52
bitunix-bot/internal/cfg/cfg.go:316.49,318.3 1 2
bitunix-bot/internal/cfg/cfg.go:321.2,321.32 1 50
bitunix-bot/internal/cfg/cfg.go:321.32,323.3 1 1
bitunix-bot/internal/cfg/cfg.go:326.2,326.28 1 49
bitunix-bot/internal/cfg/cfg.go:326.28,328.3 1 1
bitunix-bot/internal/cfg/cfg.go:329.2,329.26 1 48
bitunix-bot/internal/cfg/cfg.go:329.26,331.3 1 1
bitunix-bot/internal/cfg/cfg.go:334.2,334.66 1 47
bitunix-bot/internal/cfg/cfg.go:334.66,336.3 1 2
bitunix-bot/internal/cfg/cfg.go:337.2,337.74 1 45
bitunix-bot/internal/cfg/cfg.go:337.74,339.3 1 2
bitunix-bot/internal/cfg/cfg.go:340.2,340.78 1 43
bitunix-bot/internal/cfg/cfg.go:340.78,342.3 1 2
bitunix-bot/internal/cfg/cfg.go:345.2,345.57 1 41
bitunix-bot/internal/cfg/cfg.go:345.57,347.3 1 4
bitunix-bot/internal/cfg/cfg.go:348.2,348.56 1 37
bitunix-bot/internal/cfg/cfg.go:348.56,350.3 1 0
bitunix-bot/internal/cfg/cfg.go:351.2,351.65 1 37
bitunix-bot/internal/cfg/cfg.go:351.65,353.3 1 2
bitunix-bot/internal/cfg/cfg.go:356.2,356.65 1 35
bitunix-bot/internal/cfg/cfg.go:356.65,358.3 1 3
bitunix-bot/internal/cfg/cfg.go:359.2,359.67 1 32
bitunix-bot/internal/cfg/cfg.go:359.67,361.3 1 2
bitunix-bot/internal/cfg/cfg.go:362.2,362.62 1 30
bitunix-bot/internal/cfg/cfg.go:362.62,364.3 1 0
bitunix-bot/internal/cfg/cfg.go:365.2,365.69 1 30
bitunix-bot/internal/cfg/cfg.go:365.69,367.3 1 0
bitunix-bot/internal/cfg/cfg.go:368.2,368.72 1 30
bitunix-bot/internal/cfg/cfg.go:368.72,370.3 1 0
bitunix-bot/internal/cfg/cfg.go:373.2,373.53 1 30
bitunix-bot/internal/cfg/cfg.go:373.53,374.62 1 3
bitunix-bot/internal/cfg/cfg.go:374.62,376.4 1 1
bitunix-bot/internal/cfg/cfg.go:377.3,377.66 1 2
bitunix-bot/internal/cfg/cfg.go:377.66,379.4 1 0
bitunix-bot/internal/cfg/cfg.go:380.3,380.69 1 2
bitunix-bot/internal/cfg/cfg.go:380.69,382.4 1 0
bitunix-bot/internal/cfg/cfg.go:385.2,385.12 1 29
bitunix-bot/internal/metrics/metrics.go:31.21,33.2 1 0
bitunix-bot/internal/metrics/metrics.go:36.65,116.2 2 7
bitunix-bot/internal/metrics/metrics.go:119.65,121.32 2 1
bitunix-bot/internal/metrics/metrics.go:121.32,122.15 1 2
bitunix-bot/internal/metrics/metrics.go:122.15,124.4 1 2
bitunix-bot/internal/metrics/metrics.go:126.2,126.39 1 1
bitunix-bot/internal/metrics/wrapper.go:33.45,35.2 1 7
bitunix-bot/internal/metrics/wrapper.go:37.55,39.2 1 1
bitunix-bot/internal/metrics/wrapper.go:41.50,43.2 1 1
bitunix-bot/internal/metrics/wrapper.go:45.57,47.2 1 1
bitunix-bot/internal/metrics/wrapper.go:49.72,51.2 1 1
bitunix-bot/internal/metrics/wrapper.go:54.45,56.2 1 1
bitunix-bot/internal/metrics/wrapper.go:58.42,60.2 1 1
bitunix-bot/internal/metrics/wrapper.go:62.54,64.2 1 1
bitunix-bot/internal/metrics/wrapper.go:66.51,68.2 1 1
bitunix-bot/internal/metrics/wrapper.go:70.45,72.2 1 1
bitunix-bot/internal/metrics/wrapper.go:75.55,77.2 1 1
bitunix-bot/internal/metrics/wrapper.go:79.63,81.2 1 1
bitunix-bot/internal/metrics/wrapper.go:83.42,85.2 1 1
bitunix-bot/internal/metrics/wrapper.go:87.45,89.2 1 1
bitunix-bot/internal/metrics/wrapper.go:92.70,95.2 1 0
bitunix-bot/internal/metrics/wrapper.go:98.56,102.2 1 0
bitunix-bot/internal/metrics/wrapper.go:108.33,110.2 1 1
bitunix-bot/internal/metrics/wrapper.go:116.40,118.2 1 1
bitunix-bot/internal/metrics/wrapper.go:120.40,122.2 1 1
bitunix-bot/internal/metrics/wrapper.go:128.48,130.2 1 3
bitunix-bot/internal/exec/executor.go:29.84,38.2 1 13
bitunix-bot/internal/exec/executor.go:41.45,45.2 3 3
bitunix-bot/internal/exec/executor.go:48.58,51.15 3 6
bitunix-bot/internal/exec/executor.go:51.15,53.3 1 1
bitunix-bot/internal/exec/executor.go:54.2,54.15 1 6
bitunix-bot/internal/exec/executor.go:54.15,56.3 1 1
bitunix-bot/internal/exec/executor.go:57.2,58.31 2 6
bitunix-bot/internal/exec/executor.go:62.98,63.14 1 3
bitunix-bot/internal/exec/executor.go:63.14,65.3 1 1
bitunix-bot/internal/exec/executor.go:66.2,70.20 3 2
bitunix-bot/internal/exec/executor.go:70.20,83.62 2 0
bitunix-bot/internal/exec/executor.go:83.62,85.4 1 0
bitunix-bot/internal/exec/executor.go:88.3,95.57 2 0
bitunix-bot/internal/exec/executor.go:95.57,97.4 1 0
bitunix-bot/internal/exec/executor.go:100.2,100.35 1 2
bitunix-bot/internal/exec/executor.go:100.35,102.3 1 1
bitunix-bot/internal/exec/executor.go:104.2,105.14 2 1
bitunix-bot/internal/exec/executor.go:105.14,107.3 1 1
bitunix-bot/internal/exec/executor.go:109.2,117.42 2 1
bitunix-bot/internal/exec/executor.go:117.42,120.3 2 1
bitunix-bot/internal/exec/executor.go:123.2,123.22 1 0
bitunix-bot/internal/exec/executor.go:123.22,128.21 3 0
bitunix-bot/internal/exec/executor.go:128.21,130.4 1 0
bitunix-bot/internal/exec/executor.go:132.3,135.37 4 0
bitunix-bot/internal/exec/executor.go:135.37,137.4 1 0
bitunix-bot/internal/exec/executor.go:138.3,140.39 2 0
bitunix-bot/internal/exec/executor.go:143.2,149.31 1 0
bitunix-bot/internal/exec/executor.go:153.50,158.36 4 4
bitunix-bot/internal/exec/executor.go:158.36,160.3 1 2
bitunix-bot/internal/exec/executor.go:161.2,161.18 1 4
bitunix-bot/internal/exec/executor.go:165.39,171.22 4 2
bitunix-bot/internal/exec/executor.go:171.22,173.3 1 2
bitunix-bot/internal/exec/executor.go:177.38,181.2 3 4
bitunix-bot/internal/features/imbalance.go:13.41,15.2 1 8
bitunix-bot/internal/features/imbalance.go:17.85,19.54 1 17
bitunix-bot/internal/features/imbalance.go:19.54,20.21 1 4
bitunix-bot/internal/features/imbalance.go:20.21,22.4 1 3
bitunix-bot/internal/features/imbalance.go:23.3,23.11 1 4
bitunix-bot/internal/features/imbalance.go:25.2,25.54 1 13
bitunix-bot/internal/features/imbalance.go:25.54,26.21 1 3
bitunix-bot/internal/features/imbalance.go:26.21,28.4 1 3
bitunix-bot/internal/features/imbalance.go:29.3,29.11 1 3
bitunix-bot/internal/features/imbalance.go:32.2,32.18 1 10
bitunix-bot/internal/features/imbalance.go:32.18,34.3 1 1
bitunix-bot/internal/features/imbalance.go:36.2,39.49 2 9
bitunix-bot/internal/features/imbalance.go:39.49,40.21 1 0
bitunix-bot/internal/features/imbalance.go:40.21,42.4 1 0
bitunix-bot/internal/features/imbalance.go:43.3,43.11 1 0
bitunix-bot/internal/features/imbalance.go:46.2,46.15 1 9
bitunix-bot/internal/features/imbalance.go:55.33,55.60 1 10
bitunix-bot/internal/features/imbalance.go:57.34,62.16 3 1029
bitunix-bot/internal/features/imbalance.go:62.16,64.3 1 1
bitunix-bot/internal/features/imbalance.go:66.2,66.25 1 1028
bitunix-bot/internal/features/imbalance.go:66.25,68.3 1 3
bitunix-bot/internal/features/imbalance.go:69.2,69.29 1 1028
bitunix-bot/internal/features/imbalance.go:72.35,75.21 3 111
bitunix-bot/internal/features/imbalance.go:75.21,77.3 1 2
bitunix-bot/internal/features/imbalance.go:78.2,79.26 2 109
bitunix-bot/internal/features/imbalance.go:79.26,81.3 1 46164
bitunix-bot/internal/features/imbalance.go:82.2,82.41 1 109
bitunix-bot/internal/features/vwap.go:33.49,34.15 1 17
bitunix-bot/internal/features/vwap.go:34.15,36.3 1 2
bitunix-bot/internal/features/vwap.go:38.2,38.14 1 17
bitunix-bot/internal/features/vwap.go:38.14,42.3 1 2
bitunix-bot/internal/features/vwap.go:43.2,49.28 1 17
bitunix-bot/internal/features/vwap.go:49.28,51.5 1 1025
bitunix-bot/internal/features/vwap.go:56.43,58.2 1 1014
bitunix-bot/internal/features/vwap.go:60.78,62.60 1 1028
bitunix-bot/internal/features/vwap.go:62.60,63.21 1 2
bitunix-bot/internal/features/vwap.go:63.21,65.4 1 2
bitunix-bot/internal/features/vwap.go:66.3,66.9 1 2
bitunix-bot/internal/features/vwap.go:68.2,68.63 1 1026
bitunix-bot/internal/features/vwap.go:68.63,69.21 1 2
bitunix-bot/internal/features/vwap.go:69.21,71.4 1 2
bitunix-bot/internal/features/vwap.go:72.3,72.9 1 2
bitunix-bot/internal/features/vwap.go:75.2,85.25 7 1024
bitunix-bot/internal/features/vwap.go:85.25,87.29 2 3
bitunix-bot/internal/features/vwap.go:87.29,89.4 1 3
bitunix-bot/internal/features/vwap.go:92.2,96.31 3 1024
bitunix-bot/internal/features/vwap.go:96.31,98.3 1 1021
bitunix-bot/internal/features/vwap.go:101.44,103.2 1 102
bitunix-bot/internal/features/vwap.go:105.77,112.24 4 113
bitunix-bot/internal/features/vwap.go:112.24,113.21 1 2
bitunix-bot/internal/features/vwap.go:113.21,116.4 2 2
bitunix-bot/internal/features/vwap.go:117.3,117.14 1 2
bitunix-bot/internal/features/vwap.go:120.2,128.24 5 111
bitunix-bot/internal/features/vwap.go:128.24,129.15 1 101128
bitunix-bot/internal/features/vwap.go:129.15,131.4 1 55705
bitunix-bot/internal/features/vwap.go:133.3,134.25 2 45423
bitunix-bot/internal/features/vwap.go:134.25,136.4 1 1
bitunix-bot/internal/features/vwap.go:137.3,139.24 2 45422
bitunix-bot/internal/features/vwap.go:139.24,141.56 1 45421
bitunix-bot/internal/features/vwap.go:141.56,142.23 1 0
bitunix-bot/internal/features/vwap.go:142.23,144.6 1 0
bitunix-bot/internal/features/vwap.go:145.5,145.11 1 0
bitunix-bot/internal/features/vwap.go:147.4,147.56 1 45421
bitunix-bot/internal/features/vwap.go:147.56,148.23 1 0
bitunix-bot/internal/features/vwap.go:148.23,150.6 1 0
bitunix-bot/internal/features/vwap.go:151.5,151.11 1 0
bitunix-bot/internal/features/vwap.go:154.4,157.11 4 45421
bitunix-bot/internal/features/vwap.go:161.2,161.20 1 111
bitunix-bot/internal/features/vwap.go:161.20,163.3 1 9
bitunix-bot/internal/features/vwap.go:166.2,166.27 1 111
bitunix-bot/internal/features/vwap.go:166.27,167.21 1 1
bitunix-bot/internal/features/vwap.go:167.21,169.4 1 1
bitunix-bot/internal/features/vwap.go:170.3,170.14 1 1
bitunix-bot/internal/features/vwap.go:173.2,176.16 2 110
bitunix-bot/internal/features/vwap.go:176.16,177.21 1 3
bitunix-bot/internal/features/vwap.go:177.21,179.4 1 3
bitunix-bot/internal/features/vwap.go:180.3,180.18 1 3
bitunix-bot/internal/features/vwap.go:184.2,185.33 2 107
bitunix-bot/internal/features/vwap.go:185.33,188.3 2 45416
bitunix-bot/internal/features/vwap.go:195.2,195.12 1 107
bitunix-bot/internal/features/vwap.go:195.12,198.19 2 107
bitunix-bot/internal/features/vwap.go:198.19,200.4 1 97
bitunix-bot/internal/features/vwap.go:200.9,201.38 1 10
bitunix-bot/internal/features/vwap.go:201.38,203.5 1 0
bitunix-bot/internal/features/vwap.go:204.4,204.11 1 10
bitunix-bot/internal/features/vwap.go:206.8,208.3 1 0
bitunix-bot/internal/features/vwap.go:211.2,211.47 1 107
bitunix-bot/internal/features/vwap.go:211.47,212.21 1 0
bitunix-bot/internal/features/vwap.go:212.21,214.4 1 0
bitunix-bot/internal/features/vwap.go:215.3,215.14 1 0
bitunix-bot/internal/features/vwap.go:217.2,217.43 1 107
bitunix-bot/internal/features/vwap.go:217.43,218.21 1 0
bitunix-bot/internal/features/vwap.go:218.21,220.4 1 0
bitunix-bot/internal/features/vwap.go:221.3,221.10 1 0
bitunix-bot/internal/features/vwap.go:224.2,224.20 1 107
bitunix-bot/internal/features/vwap.go:224.20,226.3 1 5
bitunix-bot/internal/features/vwap.go:228.2,228.8 1 107
bitunix-bot/internal/features/vwap.go:233.37,237.2 3 11
bitunix-bot/internal/features/vwap.go:241.24,248.33 4 2
bitunix-bot/internal/features/vwap.go:248.33,249.27 1 6
bitunix-bot/internal/features/vwap.go:249.27,251.22 2 2
bitunix-bot/internal/features/vwap.go:251.22,253.5 1 2
bitunix-bot/internal/features/vwap.go:254.4,254.23 1 2
bitunix-bot/internal/features/vwap.go:256.3,256.27 1 6
bitunix-bot/internal/features/vwap.go:262.2,264.30 2 2
bitunix-bot/internal/storage/features.go:41.59,42.46 1 55
bitunix-bot/internal/storage/features.go:42.46,44.17 2 55
bitunix-bot/internal/storage/features.go:44.17,46.4 1 0
bitunix-bot/internal/storage/features.go:48.3,49.17 2 55
bitunix-bot/internal/storage/features.go:49.17,51.4 1 0
bitunix-bot/internal/storage/features.go:53.3,54.34 2 55
bitunix-bot/internal/storage/features.go:59.54,60.46 1 1
bitunix-bot/internal/storage/features.go:60.46,62.17 2 1
bitunix-bot/internal/storage/features.go:62.17,64.4 1 0
bitunix-bot/internal/storage/features.go:66.3,67.17 2 1
bitunix-bot/internal/storage/features.go:67.17,69.4 1 0
bitunix-bot/internal/storage/features.go:71.3,72.34 2 1
bitunix-bot/internal/storage/features.go:77.60,81.2 1 1
bitunix-bot/internal/storage/features.go:84.98,87.44 2 52
bitunix-bot/internal/storage/features.go:87.44,89.15 2 52
bitunix-bot/internal/storage/features.go:89.15,91.4 1 51
bitunix-bot/internal/storage/features.go:93.3,96.87 3 1
bitunix-bot/internal/storage/features.go:96.87,98.54 2 3
bitunix-bot/internal/storage/features.go:98.54,99.13 1 0
bitunix-bot/internal/storage/features.go:102.4,102.71 1 3
bitunix-bot/internal/storage/features.go:102.71,104.5 1 2
bitunix-bot/internal/storage/features.go:106.3,106.13 1 1
bitunix-bot/internal/storage/features.go:109.2,109.22 1 52
bitunix-bot/internal/storage/storage.go:25.43,29.16 3 14
bitunix-bot/internal/storage/storage.go:29.16,31.3 1 1
bitunix-bot/internal/storage/storage.go:34.2,34.43 1 13
bitunix-bot/internal/storage/storage.go:34.43,35.77 1 13
bitunix-bot/internal/storage/storage.go:35.77,37.4 1 0
bitunix-bot/internal/storage/storage.go:38.3,38.77 1 13
bitunix-bot/internal/storage/storage.go:38.77,40.4 1 0
bitunix-bot/internal/storage/storage.go:41.3,41.13 1 13
bitunix-bot/internal/storage/storage.go:43.2,43.16 1 13
bitunix-bot/internal/storage/storage.go:43.16,46.3 2 0
bitunix-bot/internal/storage/storage.go:48.2,48.28 1 13
bitunix-bot/internal/storage/storage.go:52.31,53.17 1 15
bitunix-bot/internal/storage/storage.go:53.17,55.3 1 14
bitunix-bot/internal/storage/storage.go:56.2,56.12 1 1
bitunix-bot/internal/storage/storage.go:60.55,61.46 1 55
bitunix-bot/internal/storage/storage.go:61.46,65.17 3 55
bitunix-bot/internal/storage/storage.go:65.17,67.4 1 0
bitunix-bot/internal/storage/storage.go:69.3,70.34 2 55
bitunix-bot/internal/storage/storage.go:75.55,76.46 1 3
bitunix-bot/internal/storage/storage.go:76.46,80.17 3 3
bitunix-bot/internal/storage/storage.go:80.17,82.4 1 0
bitunix-bot/internal/storage/storage.go:84.3,85.34 2 3
bitunix-bot/internal/storage/storage.go:90.89,93.44 2 52
bitunix-bot/internal/storage/storage.go:93.44,101.90 6 52
bitunix-bot/internal/storage/storage.go:101.90,102.29 1 6
bitunix-bot/internal/storage/storage.go:102.29,103.13 1 0
bitunix-bot/internal/storage/storage.go:106.4,107.52 2 6
bitunix-bot/internal/storage/storage.go:107.52,108.13 1 0
bitunix-bot/internal/storage/storage.go:110.4,110.34 1 6
bitunix-bot/internal/storage/storage.go:113.3,113.13 1 52
bitunix-bot/internal/storage/storage.go:116.2,116.20 1 52
bitunix-bot/internal/storage/storage.go:120.89,123.44 2 1
bitunix-bot/internal/storage/storage.go:123.44,131.90 6 1
bitunix-bot/internal/storage/storage.go:131.90,132.29 1 2
bitunix-bot/internal/storage/storage.go:132.29,133.13 1 0
bitunix-bot/internal/storage/storage.go:136.4,137.52 2 2
bitunix-bot/internal/storage/storage.go:137.52,138.13 1 0
bitunix-bot/internal/storage/storage.go:140.4,140.34 1 2
bitunix-bot/internal/storage/storage.go:143.3,143.13 1 1
bitunix-bot/internal/storage/storage.go:146.2,146.20 1 1
bitunix-bot/internal/storage/storage.go:149.42,151.2 1 13
bitunix-bot/internal/storage/storage.go:153.35,155.2 1 14
bitunix-bot/internal/ml/predictor.go:54.43,56.2 1 0
bitunix-bot/internal/ml/predictor.go:58.103,61.44 2 14
bitunix-bot/internal/ml/predictor.go:61.44,63.3 1 3
bitunix-bot/internal/ml/predictor.go:63.8,63.32 1 11
bitunix-bot/internal/ml/predictor.go:63.32,65.3 1 0
bitunix-bot/internal/ml/predictor.go:68.2,68.49 1 14
bitunix-bot/internal/ml/predictor.go:68.49,78.3 2 11
bitunix-bot/internal/ml/predictor.go:81.2,82.16 2 3
bitunix-bot/internal/ml/predictor.go:82.16,92.3 2 0
bitunix-bot/internal/ml/predictor.go:95.2,99.55 3 3
bitunix-bot/internal/ml/predictor.go:99.55,101.3 1 3
bitunix-bot/internal/ml/predictor.go:104.2,104.55 1 3
bitunix-bot/internal/ml/predictor.go:104.55,106.59 2 3
bitunix-bot/internal/ml/predictor.go:106.59,116.4 2 0
bitunix-bot/internal/ml/predictor.go:119.2,131.40 2 3
bitunix-bot/internal/ml/predictor.go:131.40,134.3 2 3
bitunix-bot/internal/ml/predictor.go:134.8,136.3 1 0
bitunix-bot/internal/ml/predictor.go:139.2,139.48 1 3
bitunix-bot/internal/ml/predictor.go:139.48,142.3 2 3
bitunix-bot/internal/ml/predictor.go:144.2,144.15 1 3
bitunix-bot/internal/ml/predictor.go:148.66,149.14 1 1031
bitunix-bot/internal/ml/predictor.go:149.14,151.3 1 1
bitunix-bot/internal/ml/predictor.go:153.2,155.15 3 1030
bitunix-bot/internal/ml/predictor.go:155.15,158.23 2 1030
bitunix-bot/internal/ml/predictor.go:158.23,160.4 1 1030
bitunix-bot/internal/ml/predictor.go:163.2,163.18 1 1030
bitunix-bot/internal/ml/predictor.go:163.18,166.18 1 1030
bitunix-bot/internal/ml/predictor.go:166.18,177.24 6 1026
bitunix-bot/internal/ml/predictor.go:177.24,180.5 2 1026
bitunix-bot/internal/ml/predictor.go:182.4,182.17 1 1026
bitunix-bot/internal/ml/predictor.go:184.3,184.15 1 4
bitunix-bot/internal/ml/predictor.go:188.2,189.16 2 0
bitunix-bot/internal/ml/predictor.go:189.16,192.23 2 0
bitunix-bot/internal/ml/predictor.go:192.23,194.4 1 0
bitunix-bot/internal/ml/predictor.go:196.3,197.33 2 0
bitunix-bot/internal/ml/predictor.go:201.2,201.22 1 0
bitunix-bot/internal/ml/predictor.go:201.22,204.28 2 0
bitunix-bot/internal/ml/predictor.go:204.28,206.4 1 0
bitunix-bot/internal/ml/predictor.go:209.2,212.27 2 0
bitunix-bot/internal/ml/predictor.go:212.27,215.3 2 0
bitunix-bot/internal/ml/predictor.go:217.2,217.14 1 0
bitunix-bot/internal/ml/predictor.go:221.68,222.14 1 2
bitunix-bot/internal/ml/predictor.go:222.14,224.3 1 1
bitunix-bot/internal/ml/predictor.go:226.2,230.16 4 1
bitunix-bot/internal/ml/predictor.go:230.16,233.3 1 1
bitunix-bot/internal/ml/predictor.go:235.2,236.16 2 0
bitunix-bot/internal/ml/predictor.go:236.16,238.3 1 0
bitunix-bot/internal/ml/predictor.go:241.2,242.32 2 0
bitunix-bot/internal/ml/predictor.go:242.32,244.3 1 0
bitunix-bot/internal/ml/predictor.go:246.2,246.20 1 0
bitunix-bot/internal/ml/predictor.go:249.76,250.24 1 6
bitunix-bot/internal/ml/predictor.go:250.24,252.3 1 0
bitunix-bot/internal/ml/predictor.go:255.2,255.29 1 6
bitunix-bot/internal/ml/predictor.go:255.29,256.13 1 18
bitunix-bot/internal/ml/predictor.go:256.13,258.4 1 0
bitunix-bot/internal/ml/predictor.go:259.3,259.28 1 18
bitunix-bot/internal/ml/predictor.go:259.28,261.4 1 0
bitunix-bot/internal/ml/predictor.go:265.2,267.16 3 6
bitunix-bot/internal/ml/predictor.go:267.16,270.3 2 0
bitunix-bot/internal/ml/predictor.go:273.2,284.34 8 6
bitunix-bot/internal/ml/predictor.go:284.34,300.44 2 6
bitunix-bot/internal/ml/predictor.go:300.44,303.24 2 1
bitunix-bot/internal/ml/predictor.go:303.24,305.5 1 1
bitunix-bot/internal/ml/predictor.go:306.4,306.94 1 1
bitunix-bot/internal/ml/predictor.go:310.3,310.69 1 5
bitunix-bot/internal/ml/predictor.go:310.69,312.4 1 0
bitunix-bot/internal/ml/predictor.go:313.3,313.69 1 5
bitunix-bot/internal/ml/predictor.go:313.69,315.4 1 0
bitunix-bot/internal/ml/predictor.go:316.3,316.61 1 5
bitunix-bot/internal/ml/predictor.go:316.61,318.4 1 0
bitunix-bot/internal/ml/predictor.go:320.3,320.90 1 5
bitunix-bot/internal/ml/predictor.go:324.2,325.62 2 0
bitunix-bot/internal/ml/predictor.go:325.62,333.3 2 0
bitunix-bot/internal/ml/predictor.go:335.2,335.22 1 0
bitunix-bot/internal/ml/predictor.go:335.22,341.3 2 0
bitunix-bot/internal/ml/predictor.go:344.2,344.34 1 0
bitunix-bot/internal/ml/predictor.go:344.34,351.3 2 0
bitunix-bot/internal/ml/predictor.go:354.2,354.42 1 0
bitunix-bot/internal/ml/predictor.go:354.42,355.43 1 0
bitunix-bot/internal/ml/predictor.go:355.43,362.4 2 0
bitunix-bot/internal/ml/predictor.go:365.2,371.32 2 0
bitunix-bot/internal/ml/predictor.go:374.41,376.46 2 6
bitunix-bot/internal/ml/predictor.go:376.46,378.3 1 0
bitunix-bot/internal/ml/predictor.go:381.2,383.16 3 6
bitunix-bot/internal/ml/predictor.go:383.16,385.3 1 0
bitunix-bot/internal/ml/predictor.go:386.2,386.12 1 6
bitunix-bot/internal/ml/predictor.go:389.35,391.58 1 3
bitunix-bot/internal/ml/predictor.go:391.58,400.41 2 0
bitunix-bot/internal/ml/predictor.go:400.41,401.49 1 0
bitunix-bot/internal/ml/predictor.go:401.49,404.96 2 0
bitunix-bot/internal/ml/predictor.go:404.96,407.6 2 0
bitunix-bot/internal/ml/predictor.go:413.2,413.50 1 3
bitunix-bot/internal/ml/predictor.go:413.50,421.37 3 3
bitunix-bot/internal/ml/predictor.go:421.37,430.46 2 9
bitunix-bot/internal/ml/predictor.go:430.46,431.50 1 45
bitunix-bot/internal/ml/predictor.go:431.50,434.97 2 0
bitunix-bot/internal/ml/predictor.go:434.97,437.7 2 0
bitunix-bot/internal/ml/predictor.go:444.2,446.39 2 3
bitunix-bot/internal/ml/predictor.go:446.39,448.17 2 21
bitunix-bot/internal/ml/predictor.go:448.17,452.66 3 6
bitunix-bot/internal/ml/predictor.go:452.66,455.5 2 0
bitunix-bot/internal/ml/predictor.go:460.2,460.39 1 3
bitunix-bot/internal/ml/predictor.go:460.39,462.17 2 3
bitunix-bot/internal/ml/predictor.go:462.17,464.36 2 3
bitunix-bot/internal/ml/predictor.go:464.36,467.5 2 3
bitunix-bot/internal/ml/predictor.go:471.2,471.96 1 0
bitunix-bot/internal/ml/predictor.go:474.53,551.2 2 4
bitunix-bot/internal/ml/predictor.go:553.29,554.11 1 3075
bitunix-bot/internal/ml/predictor.go:554.11,556.3 1 1022
bitunix-bot/internal/ml/predictor.go:557.2,557.10 1 2053
bitunix-bot/internal/ml/predictor_prod.go:99.109,102.16 2 0
bitunix-bot/internal/ml/predictor_prod.go:102.16,104.3 1 0
bitunix-bot/internal/ml/predictor_prod.go:107.2,108.16 2 0
bitunix-bot/internal/ml/predictor_prod.go:108.16,115.3 2 0
bitunix-bot/internal/ml/predictor_prod.go:117.2,147.16 5 0
bitunix-bot/internal/ml/predictor_prod.go:151.109,153.15 2 0
bitunix-bot/internal/ml/predictor_prod.go:153.15,155.3 1 0
bitunix-bot/internal/ml/predictor_prod.go:158.2,158.9 1 0
bitunix-bot/internal/ml/predictor_prod.go:159.20,160.22 1 0
bitunix-bot/internal/ml/predictor_prod.go:161.10,161.10 0 0
bitunix-bot/internal/ml/predictor_prod.go:165.2,165.51 1 0
bitunix-bot/internal/ml/predictor_prod.go:165.51,168.3 2 0
bitunix-bot/internal/ml/predictor_prod.go:171.2,172.56 2 0
bitunix-bot/internal/ml/predictor_prod.go:172.56,175.3 2 0
bitunix-bot/internal/ml/predictor_prod.go:176.2,180.16 3 0
bitunix-bot/internal/ml/predictor_prod.go:180.16,183.3 2 0
bitunix-bot/internal/ml/predictor_prod.go:184.2,184.22 1 0
bitunix-bot/internal/ml/predictor_prod.go:184.22,188.3 3 0
bitunix-bot/internal/ml/predictor_prod.go:190.2,191.22 2 0
bitunix-bot/internal/ml/predictor_prod.go:191.22,193.3 1 0
bitunix-bot/internal/ml/predictor_prod.go:193.8,195.3 1 0
bitunix-bot/internal/ml/predictor_prod.go:198.2,198.49 1 0
bitunix-bot/internal/ml/predictor_prod.go:198.49,201.3 2 0
bitunix-bot/internal/ml/predictor_prod.go:204.2,207.19 3 0
bitunix-bot/internal/ml/predictor_prod.go:211.116,213.16 2 0
bitunix-bot/internal/ml/predictor_prod.go:213.16,216.3 2 0
bitunix-bot/internal/ml/predictor_prod.go:217.2,217.35 1 0
bitunix-bot/internal/ml/predictor_prod.go:221.84,225.2 3 0
bitunix-bot/internal/ml/predictor_prod.go:228.72,229.48 1 0
bitunix-bot/internal/ml/predictor_prod.go:229.48,231.3 1 0
bitunix-bot/internal/ml/predictor_prod.go:233.2,233.31 1 0
bitunix-bot/internal/ml/predictor_prod.go:233.31,234.54 1 0
bitunix-bot/internal/ml/predictor_prod.go:234.54,235.42 1 0
bitunix-bot/internal/ml/predictor_prod.go:235.42,238.5 1 0
bitunix-bot/internal/ml/predictor_prod.go:242.2,242.12 1 0
bitunix-bot/internal/ml/predictor_prod.go:246.68,247.68 1 0
bitunix-bot/internal/ml/predictor_prod.go:247.68,250.3 1 0
bitunix-bot/internal/ml/predictor_prod.go:251.2,251.12 1 0
bitunix-bot/internal/ml/predictor_prod.go:255.71,258.2 1 0
bitunix-bot/internal/ml/predictor_prod.go:261.75,265.43 3 0
bitunix-bot/internal/ml/predictor_prod.go:265.43,266.50 1 0
bitunix-bot/internal/ml/predictor_prod.go:266.50,268.4 1 0
bitunix-bot/internal/ml/predictor_prod.go:270.2,270.12 1 0
bitunix-bot/internal/ml/predictor_prod.go:274.70,279.45 3 0
bitunix-bot/internal/ml/predictor_prod.go:279.45,283.36 3 0
bitunix-bot/internal/ml/predictor_prod.go:283.36,284.61 1 0
bitunix-bot/internal/ml/predictor_prod.go:284.61,287.5 2 0
bitunix-bot/internal/ml/predictor_prod.go:289.3,289.36 1 0
bitunix-bot/internal/ml/predictor_prod.go:292.2,295.3 1 0
bitunix-bot/internal/ml/predictor_prod.go:299.57,303.21 3 0
bitunix-bot/internal/ml/predictor_prod.go:303.21,305.3 1 0
bitunix-bot/internal/ml/predictor_prod.go:308.45,313.42 4 0
bitunix-bot/internal/ml/predictor_prod.go:313.42,314.47 1 0
bitunix-bot/internal/ml/predictor_prod.go:314.47,316.4 1 0
bitunix-bot/internal/ml/predictor_prod.go:321.58,325.21 3 0
bitunix-bot/internal/ml/predictor_prod.go:325.21,327.3 1 0
bitunix-bot/internal/ml/predictor_prod.go:330.53,341.21 10 0
bitunix-bot/internal/ml/predictor_prod.go:341.21,343.3 1 0
bitunix-bot/internal/ml/predictor_prod.go:345.2,346.21 2 0
bitunix-bot/internal/ml/predictor_prod.go:346.21,348.3 1 0
bitunix-bot/internal/ml/predictor_prod.go:350.2,352.26 3 0
bitunix-bot/internal/ml/predictor_prod.go:352.26,354.3 1 0
bitunix-bot/internal/ml/predictor_prod.go:356.2,369.31 3 0
bitunix-bot/internal/ml/predictor_prod.go:373.64,375.19 2 0
bitunix-bot/internal/ml/predictor_prod.go:375.19,377.3 1 0
bitunix-bot/internal/ml/predictor_prod.go:378.2,378.31 1 0
bitunix-bot/internal/ml/predictor_prod.go:382.63,390.47 5 0
bitunix-bot/internal/ml/predictor_prod.go:390.47,392.3 1 0
bitunix-bot/internal/ml/predictor_prod.go:395.51,399.2 3 0
bitunix-bot/internal/ml/predictor_prod.go:401.55,420.2 5 0
bitunix-bot/internal/ml/predictor_prod.go:422.49,426.2 3 0
bitunix-bot/internal/ml/predictor_prod.go:428.50,432.2 3 0
bitunix-bot/internal/ml/predictor_prod.go:435.79,441.44 4 0
bitunix-bot/internal/ml/predictor_prod.go:441.44,448.3 5 0
bitunix-bot/internal/ml/predictor_prod.go:450.2,459.3 1 0
bitunix-bot/internal/ml/predictor_prod.go:463.66,467.52 3 0
bitunix-bot/internal/ml/predictor_prod.go:467.52,469.3 1 0
bitunix-bot/internal/ml/predictor_prod.go:472.2,474.37 3 0
bitunix-bot/internal/ml/predictor_prod.go:474.37,476.3 1 0
bitunix-bot/internal/ml/predictor_prod.go:477.2,478.48 2 0
bitunix-bot/internal/ml/predictor_prod.go:482.58,484.16 2 0
bitunix-bot/internal/ml/predictor_prod.go:484.16,486.3 1 0
bitunix-bot/internal/ml/predictor_prod.go:487.2,490.58 3 0
bitunix-bot/internal/ml/predictor_prod.go:490.58,492.3 1 0
bitunix-bot/internal/ml/predictor_prod.go:493.2,493.17 1 0
bitunix-bot/internal/ml/predictor_prod.go:496.51,502.2 1 0
bitunix-bot/internal/ml/predictor_prod.go:505.94,506.23 1 0
bitunix-bot/internal/ml/predictor_prod.go:506.23,508.3 1 0
bitunix-bot/internal/ml/predictor_prod.go:510.2,518.21 5 0
bitunix-bot/internal/ml/predictor_prod.go:518.21,520.3 1 0
bitunix-bot/internal/ml/predictor_prod.go:520.8,520.29 1 0
bitunix-bot/internal/ml/predictor_prod.go:520.29,522.3 1 0
bitunix-bot/internal/ml/predictor_prod.go:524.2,524.22 1 0
bitunix-bot/internal/ml/predictor_prod.go:524.22,526.3 1 0
bitunix-bot/internal/ml/predictor_prod.go:526.8,526.30 1 0
bitunix-bot/internal/ml/predictor_prod.go:526.30,528.3 1 0
bitunix-bot/internal/ml/predictor_prod.go:531.2,531.40 1 0
bitunix-bot/internal/ml/predictor_prod.go:531.40,533.3 1 0
bitunix-bot/internal/ml/predictor_prod.go:533.8,533.49 1 0
bitunix-bot/internal/ml/predictor_prod.go:533.49,535.3 1 0
bitunix-bot/internal/ml/predictor_prod.go:535.8,535.48 1 0
bitunix-bot/internal/ml/predictor_prod.go:535.48,537.3 1 0
bitunix-bot/internal/ml/predictor_prod.go:539.2,539.26 1 0
bitunix-bot/internal/ml/server.go:21.76,42.2 8 0
bitunix-bot/internal/ml/server.go:45.38,56.2 5 0
bitunix-bot/internal/ml/server.go:59.60,61.2 1 0
bitunix-bot/internal/ml/server.go:63.78,64.33 1 0
bitunix-bot/internal/ml/server.go:64.33,67.3 2 0
bitunix-bot/internal/ml/server.go:69.2,70.61 2 0
bitunix-bot/internal/ml/server.go:70.61,73.3 2 0
bitunix-bot/internal/ml/server.go:76.2,76.28 1 0
bitunix-bot/internal/ml/server.go:76.28,79.3 2 0
bitunix-bot/internal/ml/server.go:82.2,86.16 4 0
bitunix-bot/internal/ml/server.go:86.16,95.3 6 0
bitunix-bot/internal/ml/server.go:98.2,107.17 4 0
bitunix-bot/internal/ml/server.go:107.17,109.3 1 0
bitunix-bot/internal/ml/server.go:111.2,112.33 2 0
bitunix-bot/internal/ml/server.go:115.77,119.21 3 0
bitunix-bot/internal/ml/server.go:119.21,121.3 1 0
bitunix-bot/internal/ml/server.go:123.2,125.35 3 0
bitunix-bot/internal/ml/server.go:128.78,133.2 3 0
bitunix-bot/internal/ml/server.go:135.80,149.2 3 0
bitunix-bot/internal/ml/test_helpers.go:18.42,22.2 3 1026
bitunix-bot/internal/ml/test_helpers.go:24.39,28.2 3 0
bitunix-bot/internal/ml/test_helpers.go:30.51,34.2 3 1030
bitunix-bot/internal/ml/test_helpers.go:36.48,40.2 3 3
bitunix-bot/internal/ml/test_helpers.go:42.52,46.2 3 0
bitunix-bot/internal/ml/test_helpers.go:48.60,52.2 3 0
bitunix-bot/internal/ml/test_helpers.go:54.39,58.2 3 1
bitunix-bot/internal/ml/test_helpers.go:60.42,64.2 3 1026
bitunix-bot/internal/exchange/bitunix/rest.go:16.71,18.17 2 0
bitunix-bot/internal/exchange/bitunix/rest.go:18.17,20.3 1 0
bitunix-bot/internal/exchange/bitunix/rest.go:20.8,22.3 1 0
bitunix-bot/internal/exchange/bitunix/rest.go:23.2,23.38 1 0
bitunix-bot/internal/exchange/bitunix/rest.go:39.42,55.16 7 0
bitunix-bot/internal/exchange/bitunix/rest.go:55.16,57.3 1 0
bitunix-bot/internal/exchange/bitunix/rest.go:58.2,58.20 1 0
bitunix-bot/internal/exchange/bitunix/rest.go:58.20,60.3 1 0
bitunix-bot/internal/exchange/bitunix/rest.go:61.2,61.12 1 0
bitunix-bot/internal/exchange/bitunix/rest.go:88.121,97.19 3 0
bitunix-bot/internal/exchange/bitunix/rest.go:97.19,99.3 1 0
bitunix-bot/internal/exchange/bitunix/rest.go:100.2,100.17 1 0
bitunix-bot/internal/exchange/bitunix/rest.go:100.17,102.3 1 0
bitunix-bot/internal/exchange/bitunix/rest.go:104.2,110.16 3 0
bitunix-bot/internal/exchange/bitunix/rest.go:110.16,112.3 1 0
bitunix-bot/internal/exchange/bitunix/rest.go:114.2,114.30 1 0
bitunix-bot/internal/exchange/bitunix/rest.go:114.30,116.3 1 0
bitunix-bot/internal/exchange/bitunix/rest.go:118.2,118.20 1 0
bitunix-bot/internal/exchange/bitunix/rest.go:122.71,136.16 5 0
bitunix-bot/internal/exchange/bitunix/rest.go:136.16,138.3 1 0
bitunix-bot/internal/exchange/bitunix/rest.go:140.2,140.30 1 0
bitunix-bot/internal/exchange/bitunix/rest.go:140.30,142.3 1 0
bitunix-bot/internal/exchange/bitunix/rest.go:144.2,144.20 1 0
bitunix-bot/internal/exchange/bitunix/rest.go:148.69,166.16 5 0
bitunix-bot/internal/exchange/bitunix/rest.go:166.16,168.3 1 0
bitunix-bot/internal/exchange/bitunix/rest.go:170.2,170.30 1 0
bitunix-bot/internal/exchange/bitunix/rest.go:170.30,172.3 1 0
bitunix-bot/internal/exchange/bitunix/rest.go:175.2,180.37 4 0
bitunix-bot/internal/exchange/bitunix/rest.go:180.37,181.20 1 0
bitunix-bot/internal/exchange/bitunix/rest.go:181.20,184.38 3 0
bitunix-bot/internal/exchange/bitunix/rest.go:184.38,186.5 1 0
bitunix-bot/internal/exchange/bitunix/rest.go:191.2,191.37 1 0
bitunix-bot/internal/exchange/bitunix/rest.go:191.37,192.20 1 0
bitunix-bot/internal/exchange/bitunix/rest.go:192.20,195.4 2 0
bitunix-bot/internal/exchange/bitunix/rest.go:198.2,204.8 1 0
bitunix-bot/internal/exchange/bitunix/signer.go:8.52,12.2 3 0
bitunix-bot/internal/exchange/bitunix/ws.go:30.25,30.41 1 4
bitunix-bot/internal/exchange/bitunix/ws.go:32.147,33.6 1 3
bitunix-bot/internal/exchange/bitunix/ws.go:33.6,34.10 1 3
bitunix-bot/internal/exchange/bitunix/ws.go:35.21,36.20 1 0
bitunix-bot/internal/exchange/bitunix/ws.go:37.11,38.82 1 3
bitunix-bot/internal/exchange/bitunix/ws.go:38.82,40.12 2 3
bitunix-bot/internal/exchange/bitunix/ws.go:41.56,41.56 0 3
bitunix-bot/internal/exchange/bitunix/ws.go:42.13,42.13 0 0
bitunix-bot/internal/exchange/bitunix/ws.go:45.5,46.13 2 3
bitunix-bot/internal/exchange/bitunix/ws.go:52.151,54.16 2 3
bitunix-bot/internal/exchange/bitunix/ws.go:54.16,56.3 1 0
bitunix-bot/internal/exchange/bitunix/ws.go:57.2,60.57 2 3
bitunix-bot/internal/exchange/bitunix/ws.go:60.57,62.3 1 0
bitunix-bot/internal/exchange/bitunix/ws.go:65.2,65.41 1 3
bitunix-bot/internal/exchange/bitunix/ws.go:65.41,67.3 1 0
bitunix-bot/internal/exchange/bitunix/ws.go:70.2,71.28 2 3
bitunix-bot/internal/exchange/bitunix/ws.go:71.28,74.3 2 3
bitunix-bot/internal/exchange/bitunix/ws.go:75.2,75.87 1 3
bitunix-bot/internal/exchange/bitunix/ws.go:75.87,77.3 1 0
bitunix-bot/internal/exchange/bitunix/ws.go:80.2,84.81 3 3
bitunix-bot/internal/exchange/bitunix/ws.go:84.81,86.3 1 1
bitunix-bot/internal/exchange/bitunix/ws.go:89.2,89.6 1 2
bitunix-bot/internal/exchange/bitunix/ws.go:89.6,90.10 1 6
bitunix-bot/internal/exchange/bitunix/ws.go:91.21,92.20 1 0
bitunix-bot/internal/exchange/bitunix/ws.go:93.23,94.83 1 0
bitunix-bot/internal/exchange/bitunix/ws.go:94.83,95.12 1 0
bitunix-bot/internal/exchange/bitunix/ws.go:96.55,96.55 0 0
bitunix-bot/internal/exchange/bitunix/ws.go:97.13,97.13 0 0
bitunix-bot/internal/exchange/bitunix/ws.go:99.5,99.15 1 0
bitunix-bot/internal/exchange/bitunix/ws.go:101.11,103.18 2 6
bitunix-bot/internal/exchange/bitunix/ws.go:103.18,105.5 1 2
bitunix-bot/internal/exchange/bitunix/ws.go:107.4,108.52 2 4
bitunix-bot/internal/exchange/bitunix/ws.go:108.52,110.13 2 0
bitunix-bot/internal/exchange/bitunix/ws.go:113.4,113.21 1 4
bitunix-bot/internal/exchange/bitunix/ws.go:114.17,115.51 1 2
bitunix-bot/internal/exchange/bitunix/ws.go:115.51,116.13 1 1
bitunix-bot/internal/exchange/bitunix/ws.go:117.56,117.56 0 1
bitunix-bot/internal/exchange/bitunix/ws.go:118.14,118.14 0 0
bitunix-bot/internal/exchange/bitunix/ws.go:121.23,122.50 1 2
bitunix-bot/internal/exchange/bitunix/ws.go:122.50,123.13 1 1
bitunix-bot/internal/exchange/bitunix/ws.go:124.56,124.56 0 1
bitunix-bot/internal/exchange/bitunix/ws.go:125.14,125.14 0 0
bitunix-bot/internal/exchange/bitunix/ws.go:133.59,135.27 2 7
bitunix-bot/internal/exchange/bitunix/ws.go:135.27,137.3 1 3
bitunix-bot/internal/exchange/bitunix/ws.go:139.2,140.9 2 4
bitunix-bot/internal/exchange/bitunix/ws.go:140.9,142.3 1 0
bitunix-bot/internal/exchange/bitunix/ws.go:144.2,145.9 2 4
bitunix-bot/internal/exchange/bitunix/ws.go:145.9,147.3 1 1
bitunix-bot/internal/exchange/bitunix/ws.go:149.2,150.16 2 3
bitunix-bot/internal/exchange/bitunix/ws.go:150.16,152.3 1 1
bitunix-bot/internal/exchange/bitunix/ws.go:154.2,155.16 2 2
bitunix-bot/internal/exchange/bitunix/ws.go:155.16,157.3 1 0
bitunix-bot/internal/exchange/bitunix/ws.go:159.2,166.9 2 2
bitunix-bot/internal/exchange/bitunix/ws.go:167.20,167.20 0 2
bitunix-bot/internal/exchange/bitunix/ws.go:168.10,169.57 1 0
bitunix-bot/internal/exchange/bitunix/ws.go:172.2,172.12 1 2
bitunix-bot/internal/exchange/bitunix/ws.go:175.59,177.9 2 7
bitunix-bot/internal/exchange/bitunix/ws.go:177.9,179.3 1 1
bitunix-bot/internal/exchange/bitunix/ws.go:181.2,182.9 2 6
bitunix-bot/internal/exchange/bitunix/ws.go:182.9,184.3 1 1
bitunix-bot/internal/exchange/bitunix/ws.go:186.2,187.27 2 5
bitunix-bot/internal/exchange/bitunix/ws.go:187.27,189.3 1 2
bitunix-bot/internal/exchange/bitunix/ws.go:191.2,192.27 2 3
bitunix-bot/internal/exchange/bitunix/ws.go:192.27,194.3 1 0
bitunix-bot/internal/exchange/bitunix/ws.go:196.2,197.25 2 3
bitunix-bot/internal/exchange/bitunix/ws.go:197.25,199.3 1 1
bitunix-bot/internal/exchange/bitunix/ws.go:201.2,202.25 2 2
bitunix-bot/internal/exchange/bitunix/ws.go:202.25,204.3 1 0
bitunix-bot/internal/exchange/bitunix/ws.go:206.2,207.16 2 2
bitunix-bot/internal/exchange/bitunix/ws.go:207.16,209.3 1 0
bitunix-bot/internal/exchange/bitunix/ws.go:211.2,212.16 2 2
bitunix-bot/internal/exchange/bitunix/ws.go:212.16,214.3 1 0
bitunix-bot/internal/exchange/bitunix/ws.go:216.2,217.16 2 2
bitunix-bot/internal/exchange/bitunix/ws.go:217.16,219.3 1 0
bitunix-bot/internal/exchange/bitunix/ws.go:221.2,222.16 2 2
bitunix-bot/internal/exchange/bitunix/ws.go:222.16,224.3 1 0
bitunix-bot/internal/exchange/bitunix/ws.go:227.2,237.9 3 2
bitunix-bot/internal/exchange/bitunix/ws.go:238.20,238.20 0 2
bitunix-bot/internal/exchange/bitunix/ws.go:239.10,240.57 1 0
bitunix-bot/internal/exchange/bitunix/ws.go:243.2,243.12 1 2
bitunix-bot/internal/exchange/bitunix/ws.go:246.38,248.9 2 20
bitunix-bot/internal/exchange/bitunix/ws.go:248.9,250.3 1 1
bitunix-bot/internal/exchange/bitunix/ws.go:251.2,251.34 1 19
